<?xml version="1.0" encoding="UTF-8"?>
<!-- Generated by org.testng.reporters.JUnitXMLReporter -->
<testsuite hostname="ZXLO812ADU0IFH2" name="Command line test" tests="3" failures="0" timestamp="14 Aug 2017 07:33:35 GMT" time="172.56" errors="0">
  <testcase name="testCase" time="58.795" classname="com.newtouch.yida.testAddUser"/>
  <testcase name="testCase" time="54.158" classname="com.newtouch.yida.testLogin"/>
  <testcase name="testCase" time="45.079" classname="com.newtouch.yida.testMemberExport"/>
</testsuite> <!-- Command line test -->
