<?xml version="1.0" encoding="UTF-8"?>
<testng-results skipped="0" failed="0" total="3" passed="3">
  <reporter-output>
  </reporter-output>
  <suite name="Command line suite" duration-ms="172560" started-at="2017-08-14T07:30:42Z" finished-at="2017-08-14T07:33:35Z">
    <groups>
    </groups>
    <test name="Command line test" duration-ms="172560" started-at="2017-08-14T07:30:42Z" finished-at="2017-08-14T07:33:35Z">
      <class name="com.newtouch.yida.testAddUser">
        <test-method status="PASS" signature="setUp()[pri:0, instance:com.newtouch.yida.testAddUser@3f2a3a5]" name="setUp" is-config="true" duration-ms="6245" started-at="2017-08-14T15:30:42Z" finished-at="2017-08-14T15:30:48Z">
          <reporter-output>
          </reporter-output>
        </test-method> <!-- setUp -->
        <test-method status="PASS" signature="testCase()[pri:0, instance:com.newtouch.yida.testAddUser@3f2a3a5]" name="testCase" duration-ms="58795" started-at="2017-08-14T15:30:48Z" finished-at="2017-08-14T15:31:47Z">
          <reporter-output>
          </reporter-output>
        </test-method> <!-- testCase -->
        <test-method status="PASS" signature="tearDown()[pri:0, instance:com.newtouch.yida.testAddUser@3f2a3a5]" name="tearDown" is-config="true" duration-ms="547" started-at="2017-08-14T15:31:47Z" finished-at="2017-08-14T15:31:48Z">
          <reporter-output>
          </reporter-output>
        </test-method> <!-- tearDown -->
      </class> <!-- com.newtouch.yida.testAddUser -->
      <class name="com.newtouch.yida.testMemberExport">
        <test-method status="PASS" signature="setUp()[pri:0, instance:com.newtouch.yida.testMemberExport@6fb554cc]" name="setUp" is-config="true" duration-ms="1429" started-at="2017-08-14T15:32:47Z" finished-at="2017-08-14T15:32:49Z">
          <reporter-output>
          </reporter-output>
        </test-method> <!-- setUp -->
        <test-method status="PASS" signature="testCase()[pri:0, instance:com.newtouch.yida.testMemberExport@6fb554cc]" name="testCase" duration-ms="45079" started-at="2017-08-14T15:32:49Z" finished-at="2017-08-14T15:33:34Z">
          <reporter-output>
          </reporter-output>
        </test-method> <!-- testCase -->
        <test-method status="PASS" signature="tearDown()[pri:0, instance:com.newtouch.yida.testMemberExport@6fb554cc]" name="tearDown" is-config="true" duration-ms="962" started-at="2017-08-14T15:33:34Z" finished-at="2017-08-14T15:33:35Z">
          <reporter-output>
          </reporter-output>
        </test-method> <!-- tearDown -->
      </class> <!-- com.newtouch.yida.testMemberExport -->
      <class name="com.newtouch.yida.testLogin">
        <test-method status="PASS" signature="setUp()[pri:0, instance:com.newtouch.yida.testLogin@4cb2c100]" name="setUp" is-config="true" duration-ms="4872" started-at="2017-08-14T15:31:48Z" finished-at="2017-08-14T15:31:53Z">
          <reporter-output>
          </reporter-output>
        </test-method> <!-- setUp -->
        <test-method status="PASS" signature="testCase()[pri:0, instance:com.newtouch.yida.testLogin@4cb2c100]" name="testCase" duration-ms="54158" started-at="2017-08-14T15:31:53Z" finished-at="2017-08-14T15:32:47Z">
          <reporter-output>
          </reporter-output>
        </test-method> <!-- testCase -->
        <test-method status="PASS" signature="tearDown()[pri:0, instance:com.newtouch.yida.testLogin@4cb2c100]" name="tearDown" is-config="true" duration-ms="456" started-at="2017-08-14T15:32:47Z" finished-at="2017-08-14T15:32:47Z">
          <reporter-output>
          </reporter-output>
        </test-method> <!-- tearDown -->
      </class> <!-- com.newtouch.yida.testLogin -->
    </test> <!-- Command line test -->
  </suite> <!-- Command line suite -->
</testng-results>
