<?xml version="1.0" encoding="UTF-8"?>
<testng-results skipped="0" failed="0" total="1" passed="1">
  <reporter-output>
  </reporter-output>
  <suite name="Default suite" duration-ms="13967" started-at="2017-08-01T09:36:19Z" finished-at="2017-08-01T09:36:33Z">
    <groups>
    </groups>
    <test name="Default test" duration-ms="13967" started-at="2017-08-01T09:36:19Z" finished-at="2017-08-01T09:36:33Z">
      <class name="com.newtouch.yida.testBaidu">
        <test-method status="PASS" signature="setUp()[pri:0, instance:com.newtouch.yida.testBaidu@6de120da]" name="setUp" is-config="true" duration-ms="6449" started-at="2017-08-01T17:36:19Z" finished-at="2017-08-01T17:36:26Z">
          <reporter-output>
          </reporter-output>
        </test-method> <!-- setUp -->
        <test-method status="PASS" signature="testCase()[pri:0, instance:com.newtouch.yida.testBaidu@6de120da]" name="testCase" duration-ms="6871" started-at="2017-08-01T17:36:26Z" finished-at="2017-08-01T17:36:32Z">
          <reporter-output>
          </reporter-output>
        </test-method> <!-- testCase -->
        <test-method status="PASS" signature="tearDown()[pri:0, instance:com.newtouch.yida.testBaidu@6de120da]" name="tearDown" is-config="true" duration-ms="621" started-at="2017-08-01T17:36:32Z" finished-at="2017-08-01T17:36:33Z">
          <reporter-output>
          </reporter-output>
        </test-method> <!-- tearDown -->
      </class> <!-- com.newtouch.yida.testBaidu -->
    </test> <!-- Default test -->
  </suite> <!-- Default suite -->
</testng-results>
