<?xml version="1.0" encoding="UTF-8"?>
<testng-results skipped="0" failed="0" total="1" passed="1">
  <reporter-output>
  </reporter-output>
  <suite name="Default suite" duration-ms="18193" started-at="2017-08-04T08:33:08Z" finished-at="2017-08-04T08:33:26Z">
    <groups>
    </groups>
    <test name="Default test" duration-ms="18193" started-at="2017-08-04T08:33:08Z" finished-at="2017-08-04T08:33:26Z">
      <class name="com.newtouch.yida.testBaidu">
        <test-method status="PASS" signature="setUp()[pri:0, instance:com.newtouch.yida.testBaidu@72974691]" name="setUp" is-config="true" duration-ms="6284" started-at="2017-08-04T16:33:08Z" finished-at="2017-08-04T16:33:14Z">
          <reporter-output>
          </reporter-output>
        </test-method> <!-- setUp -->
        <test-method status="PASS" signature="testCase()[pri:0, instance:com.newtouch.yida.testBaidu@72974691]" name="testCase" duration-ms="11065" started-at="2017-08-04T16:33:14Z" finished-at="2017-08-04T16:33:25Z">
          <reporter-output>
          </reporter-output>
        </test-method> <!-- testCase -->
        <test-method status="PASS" signature="tearDown()[pri:0, instance:com.newtouch.yida.testBaidu@72974691]" name="tearDown" is-config="true" duration-ms="820" started-at="2017-08-04T16:33:25Z" finished-at="2017-08-04T16:33:26Z">
          <reporter-output>
          </reporter-output>
        </test-method> <!-- tearDown -->
      </class> <!-- com.newtouch.yida.testBaidu -->
    </test> <!-- Default test -->
  </suite> <!-- Default suite -->
</testng-results>
